ACRBL
ACRPE
ACRNA
AGABI
ATHRO
ASPAC
ASPAW
ASPFL
ASPFU
ASPJA
ASPKA
ASPNG
ASPOR
ASPPA
ASPSA
ASPSH
ASPSO
ASPSP
ASPSU
ASPTE
ASPTU
AURPU
BIOOC
BISSP
BOTFU
CANWI
CHABR
CHATH
CHOPU
CLAPU
COCIM
COCPO
COCCA
COCHE
COCSA
COPCI
CRYPA
CRYAL
CRYFL
CRYSP
DALES
EMEDE
EMENI
FOMPA
FOMPI
FUSEQ
FUSOX
FUSSC
GEOSP
GIBSP
GIBZE
GONSP
HUMGT
HUMIN
HYPSC
IRPLA
ISAJA
KLULA
KLUMA
KURCA
LENED
LEPMC
MAGGR
MELAO
MERGI
METAN
MORAL
MUCCI
MUCHI
MYCCO
NEOFR
NEOPA
NEOSP
NEUCR
ORPJO
ORPSP
PAETH
PARBR
PENBR
PENCH
PENCI
PENFN
PENJA
PENMI
PENOC
PENPU
PENSI
PENSQ
PERSP
PHARA
PHACH
PHYNI
PICAN
PICPA
PIREQ
PIRSP
POLAR
RHIOL
RHIOR
RHISP
ROBSP
YEAST
SACFI
SCHCO
SPOSI
STAEC
TALEM
THEAU
THELA
THITE
TRAHI
TRAVE
TRIAS
TRIHA
TRIKO
TRILO
TRIRE
TRIVI
UROFA
VERDA
VOLVA