glycosylation
Glycosylation
glycosylated
Glycosylated
N-glycosylated
N-Glycosylated
n-glycosylated
n-Glycosylated
N glycosylated
N Glycosylated
n glycosylated
n Glycosylated
N-glycosylation
N-Glycosylation
n-glycosylation
n-Glycosylation
N glycosylation
N Glycosylation
n glycosylation
n Glycosylation
N-glycosyl
N-Glycosyl
n-glycosyl
n-Glycosyl
N glycosyl
N Glycosyl
n glycosyl
n Glycosyl
glycopeptidase
glycoprotein
N-glycosidase
N-Glycosidase
n-glycosidase
n-Glycosidase
N-glycosidase
N Glycosidase
n glycosidase
n Glycosidase
N-glycanase
N-Glycanase
n-glycanase
n-Glycanase
N glycanase
N Glycanase
n glycanase
n Glycanase
deglycosylation
Deglycosylation
endoglycosidase
Endoglycosidase